SecureFinanceKZ/app/build/outputs/mapping/release/seeds.txt
kz.diploma.securefinance.data.AppDatabase
kz.diploma.securefinance.ui.transactions.AddEditTransactionFragment
kz.diploma.securefinance.data.entity.Account$Companion
kz.diploma.securefinance.data.AppDatabase_Impl
kz.diploma.securefinance.data.entity.Transaction
kz.diploma.securefinance.ui.settings.SettingsFragment
kz.diploma.securefinance.ui.categories.CategoryEditFragment
kz.diploma.securefinance.data.entity.Category
kz.diploma.securefinance.ui.settings.BackupFragment
kz.diploma.securefinance.ui.transactions.TransactionsFragment
kz.diploma.securefinance.ui.widget.BalanceWidget
kz.diploma.securefinance.ui.categories.CategoriesFragment
kz.diploma.securefinance.data.entity.Category$Companion
kz.diploma.securefinance.ui.accounts.AccountsFragment
kz.diploma.securefinance.ui.dashboard.DashboardFragment
kz.diploma.securefinance.data.entity.Account
kz.diploma.securefinance.ui.notification.BudgetReceiver
kz.diploma.securefinance.ui.settings.ChangePinFragment
kz.diploma.securefinance.data.entity.ExchangeRate
kz.diploma.securefinance.ui.SplashActivity
kz.diploma.securefinance.FinanceApp
kz.diploma.securefinance.ui.auth.SetupActivity
kz.diploma.securefinance.ui.auth.AuthActivity
kz.diploma.securefinance.data.entity.Transaction$Companion
kz.diploma.securefinance.ui.accounts.AccountEditFragment
kz.diploma.securefinance.ui.settings.AboutFragment
kz.diploma.securefinance.ui.statistics.StatisticsFragment
kz.diploma.securefinance.ui.MainActivity
kz.diploma.securefinance.data.entity.Account: java.lang.String TYPE_OTHER
kz.diploma.securefinance.data.entity.Category: java.lang.String name
kz.diploma.securefinance.data.entity.Account: java.lang.String name
kz.diploma.securefinance.data.entity.Account: double balance
kz.diploma.securefinance.data.entity.ExchangeRate: java.lang.String currency
kz.diploma.securefinance.data.entity.Category: int color
kz.diploma.securefinance.data.entity.Transaction: java.lang.Long categoryId
kz.diploma.securefinance.data.entity.Transaction: long date
kz.diploma.securefinance.data.entity.Account: int color
kz.diploma.securefinance.data.entity.Transaction: double amount
kz.diploma.securefinance.data.entity.Account: java.lang.String TYPE_CARD
kz.diploma.securefinance.data.entity.Category: java.lang.String type
kz.diploma.securefinance.data.entity.Transaction: long id
kz.diploma.securefinance.data.entity.Account: java.lang.String type
kz.diploma.securefinance.data.entity.ExchangeRate: long updatedAt
kz.diploma.securefinance.data.entity.Transaction: long accountId
kz.diploma.securefinance.data.entity.Account: long createdAt
kz.diploma.securefinance.data.entity.Account: java.lang.String TYPE_SAVINGS
kz.diploma.securefinance.data.entity.Transaction: java.lang.String TYPE_EXPENSE
kz.diploma.securefinance.data.entity.Transaction: java.lang.String TYPE_INCOME
kz.diploma.securefinance.data.entity.Category: java.lang.String TYPE_EXPENSE
kz.diploma.securefinance.data.entity.ExchangeRate: double rateToKzt
kz.diploma.securefinance.data.entity.Transaction: java.lang.String type
kz.diploma.securefinance.data.entity.Transaction: kz.diploma.securefinance.data.entity.Transaction$Companion Companion
kz.diploma.securefinance.data.entity.Account: java.lang.String currency
kz.diploma.securefinance.data.entity.Category: java.lang.String TYPE_INCOME
kz.diploma.securefinance.data.entity.Category: long id
kz.diploma.securefinance.data.entity.Account: kz.diploma.securefinance.data.entity.Account$Companion Companion
kz.diploma.securefinance.data.entity.Account: long id
kz.diploma.securefinance.data.entity.Transaction: java.lang.String note
kz.diploma.securefinance.data.entity.Category: kz.diploma.securefinance.data.entity.Category$Companion Companion
kz.diploma.securefinance.data.entity.Account: java.lang.String TYPE_CASH
kz.diploma.securefinance.data.entity.ExchangeRate: long getUpdatedAt()
kz.diploma.securefinance.data.entity.Account: java.lang.String getType()
...
androidx.core.view.WindowInsetsCompat$Impl20: androidx.core.graphics.Insets getRootStableInsets()
com.google.android.material.chip.Chip: void setRippleColorResource(int)
androidx.core.hardware.fingerprint.FingerprintManagerCompat$Api23Impl: android.hardware.fingerprint.FingerprintManager$CryptoObject wrapCryptoObject(androidx.core.hardware.fingerprint.FingerprintManagerCompat$CryptoObject)
com.google.gson.Gson: boolean htmlSafe()
com.google.gson.JsonPrimitive: JsonPrimitive(java.lang.Character)
com.google.gson.internal.Streams$AppendableWriter: void write(char[],int,int)
com.github.mikephil.charting.jobs.AnimatedZoomJob: void recycleSelf()
com.google.gson.reflect.TypeToken: com.google.gson.reflect.TypeToken getArray(java.lang.reflect.Type)
com.google.gson.internal.sql.SqlTypesSupport$2: java.util.Date deserialize(java.util.Date)
com.github.mikephil.charting.interfaces.datasets.IBarDataSet: float getBarBorderWidth()
androidx.core.view.WindowInsetsCompat$Impl20: androidx.core.graphics.Insets getInsetsForType(int,boolean)
com.github.mikephil.charting.animation.Easing$10: float getInterpolation(float)
com.github.mikephil.charting.data.PieData: com.github.mikephil.charting.data.Entry getEntryForHighlight(com.github.mikephil.charting.highlight.Highlight)
com.google.crypto.tink.shaded.protobuf.ProtoSyntax: com.google.crypto.tink.shaded.protobuf.ProtoSyntax valueOf(java.lang.String)
com.google.android.material.tabs.TabLayout$TabView: int getContentHeight()
com.google.android.material.chip.Chip: void setCloseIconEndPaddingResource(int)
com.github.mikephil.charting.animation.ChartAnimator: void animateXY(int,int)
com.github.mikephil.charting.interfaces.datasets.IDataSet: void setIconsOffset(com.github.mikephil.charting.utils.MPPointF)
com.github.mikephil.charting.utils.Utils: int getSDKInt()
androidx.security.crypto.EncryptedSharedPreferences: android.content.SharedPreferences create(java.lang.String,java.lang.String,android.content.Context,androidx.security.crypto.EncryptedSharedPreferences$PrefKeyEncryptionScheme,androidx.security.crypto.EncryptedSharedPreferences$PrefValueEncryptionScheme)
androidx.core.hardware.fingerprint.FingerprintManagerCompat$Api23Impl: android.hardware.fingerprint.FingerprintManager getFingerprintManagerOrNull(android.content.Context)
androidx.lifecycle.ProcessLifecycleOwner$attach$1: void onActivityStopped(android.app.Activity)
com.google.gson.internal.bind.ReflectiveTypeAdapterFactory$1: void readIntoField(com.google.gson.stream.JsonReader,java.lang.Object)
com.github.mikephil.charting.charts.RadarChart: void setWebColorInner(int)
com.github.mikephil.charting.data.RadarDataSet: float getHighlightCircleStrokeWidth()
com.google.gson.internal.$Gson$Types$WildcardTypeImpl: int hashCode()
androidx.activity.Api34Impl: float touchX(android.window.BackEvent)
androidx.emoji2.text.EmojiCompatInitializer: EmojiCompatInitializer()
com.google.android.material.floatingactionbutton.FloatingActionButton$BaseBehavior: FloatingActionButton$BaseBehavior(android.content.Context,android.util.AttributeSet)
com.google.gson.JsonSyntaxException: JsonSyntaxException(java.lang.String,java.lang.Throwable)
com.google.android.material.button.MaterialButton: android.graphics.PorterDuff$Mode getIconTintMode()
androidx.core.app.NotificationCompatBuilder$Api21Impl: android.app.Notification$Builder setPublicVersion(android.app.Notification$Builder,android.app.Notification)
com.github.mikephil.charting.renderer.RadarChartRenderer: void drawWeb(android.graphics.Canvas)
androidx.core.content.res.ResourcesCompat$ThemeCompat$Api29Impl: void rebase(android.content.res.Resources$Theme)
com.github.mikephil.charting.matrix.Vector3: Vector3(float[])
com.google.android.material.textfield.TextInputLayout: java.lang.CharSequence getStartIconContentDescription()
androidx.core.view.accessibility.AccessibilityRecordCompat$Api16Impl: void setSource(android.view.accessibility.AccessibilityRecord,android.view.View,int)