SecureFinanceKZ/app/build/outputs/mapping/release/usage.txt
kz.diploma.securefinance.BuildConfig
kz.diploma.securefinance.R$color
kz.diploma.securefinance.R$drawable:
    public static int ic_empty_accounts
    public static int ic_empty_categories
    public static int ic_launcher_foreground
    public static int widget_background
    private void <init>()
kz.diploma.securefinance.R$id:
    public static int accountsFragment
    public static int categoriesFragment
    public static int chipQuarter
    public static int nav_graph
    public static int settingsFragment
    public static int statisticsFragment
    public static int tilAccountName
    public static int tilAmount
    public static int tilCategoryName
    public static int tilExportPassword
    public static int tilImportPassword
    public static int tilInitialBalance
    public static int tilNote
    public static int tvWidgetLabel
    private void <init>()
kz.diploma.securefinance.R$layout:
    public static int view_pin_keypad
    private void <init>()
kz.diploma.securefinance.R$menu
kz.diploma.securefinance.R$mipmap
kz.diploma.securefinance.R$navigation
kz.diploma.securefinance.R$string:
    public static int about_developer
    public static int about_title
    public static int account_color
    public static int account_currency
    public static int account_delete
    public static int account_edit
    public static int account_initial_balance
    public static int account_name
    public static int account_total
    public static int account_type
    public static int accounts_title
    public static int add
    public static int app_name
    public static int auth_description
    public static int auth_enter_pin
    public static int auth_title
    public static int auth_use_biometric
    public static int backup_csv_export
    public static int backup_export
    public static int backup_export_password
    public static int backup_export_password_hint
    public static int backup_import
    public static int backup_import_password
    public static int backup_title
    public static int categories_title
    public static int category_add
    public static int category_color
    public static int category_delete
    public static int category_edit
    public static int category_empty
    public static int category_expense
    public static int category_income
    public static int category_name
    public static int category_type
    public static int change_pin_confirm
    public static int change_pin_new
    public static int change_pin_old
    public static int change_pin_title
    public static int confirm
kz.diploma.securefinance.R$style
kz.diploma.securefinance.R$xml
kz.diploma.securefinance.R
kz.diploma.securefinance.data.AppDatabase:
    private static final java.lang.String DB_NAME
kz.diploma.securefinance.data.AppDatabase_Impl:
    public void clearAllTables()
kz.diploma.securefinance.data.FinanceRepository:
    public final androidx.lifecycle.LiveData getAllCategoriesLive()
    public final androidx.lifecycle.LiveData getAllTransactionsLive()
    public static synthetic androidx.lifecycle.LiveData getFilteredTransactionsLive$default(kz.diploma.securefinance.data.FinanceRepository,java.lang.Long,java.lang.Long,java.lang.String,java.lang.Long,java.lang.Long,java.lang.String,int,java.lang.Object)
    public static synthetic androidx.lifecycle.LiveData getRecentTransactionsLive$default(kz.diploma.securefinance.data.FinanceRepository,int,int,java.lang.Object)
    public final java.lang.Object getTransactionsByDateRange(long,long,kotlin.coroutines.Continuation)
kz.diploma.securefinance.data.dao.AccountDao:
    public abstract java.lang.Object setBalance(long,double,kotlin.coroutines.Continuation)
kz.diploma.securefinance.data.dao.AccountDao_Impl$10
kz.diploma.securefinance.data.dao.AccountDao_Impl:
    static synthetic androidx.room.SharedSQLiteStatement access$500(kz.diploma.securefinance.data.dao.AccountDao_Impl)
    public java.lang.Object setBalance(long,double,kotlin.coroutines.Continuation)
...
androidx.legacy.coreutils.R$drawable
androidx.legacy.coreutils.R$id
androidx.legacy.coreutils.R$integer
androidx.legacy.coreutils.R$layout
androidx.legacy.coreutils.R$string
androidx.legacy.coreutils.R$style
androidx.legacy.coreutils.R$styleable
androidx.legacy.coreutils.R
androidx.lifecycle.AbstractSavedStateViewModelFactory:
    public static final java.lang.String TAG_SAVED_STATE_HANDLE_CONTROLLER
    public void <init>()
androidx.lifecycle.AndroidViewModel:
    private final android.app.Application application
    public void <init>(android.app.Application)
    public android.app.Application getApplication()
androidx.lifecycle.Api26Impl
androidx.lifecycle.BlockRunner$cancel$1
androidx.lifecycle.BlockRunner$maybeRun$1
androidx.lifecycle.BlockRunner
androidx.lifecycle.ClassesInfoCache:
    private static final int CALL_TYPE_NO_ARG
    private static final int CALL_TYPE_PROVIDER
    private static final int CALL_TYPE_PROVIDER_WITH_EVENT
androidx.lifecycle.ComputableLiveData$_liveData$1
androidx.lifecycle.ComputableLiveData
androidx.lifecycle.CoroutineLiveData$1
androidx.lifecycle.CoroutineLiveData$clearSource$1
androidx.lifecycle.CoroutineLiveData$emitSource$1
androidx.lifecycle.CoroutineLiveData
androidx.lifecycle.CoroutineLiveDataKt$addDisposableSource$2$1
androidx.lifecycle.CoroutineLiveDataKt$addDisposableSource$2
androidx.lifecycle.CoroutineLiveDataKt$sam$androidx_lifecycle_Observer$0
androidx.lifecycle.CoroutineLiveDataKt
androidx.lifecycle.DispatchQueue
androidx.lifecycle.EmittedSource$dispose$1
androidx.lifecycle.EmittedSource$disposeNow$2
androidx.lifecycle.EmittedSource
androidx.lifecycle.FlowExtKt$flowWithLifecycle$1$1$1
androidx.lifecycle.FlowExtKt$flowWithLifecycle$1$1
androidx.lifecycle.FlowExtKt$flowWithLifecycle$1
androidx.lifecycle.FlowExtKt
androidx.lifecycle.FlowLiveDataConversions$asFlow$1$1
androidx.lifecycle.FlowLiveDataConversions$asFlow$1$2$1
androidx.lifecycle.FlowLiveDataConversions$asFlow$1$2
androidx.lifecycle.FlowLiveDataConversions$asFlow$1
androidx.lifecycle.FlowLiveDataConversions$asLiveData$1$1
androidx.lifecycle.FlowLiveDataConversions$asLiveData$1
androidx.lifecycle.FlowLiveDataConversions
androidx.lifecycle.GenericLifecycleObserver
androidx.lifecycle.LegacySavedStateHandleController:
    public static final java.lang.String TAG_SAVED_STATE_HANDLE_CONTROLLER
androidx.lifecycle.Lifecycle$Event$Companion:
    public final androidx.lifecycle.Lifecycle$Event downTo(androidx.lifecycle.Lifecycle$State)
    public final androidx.lifecycle.Lifecycle$Event upTo(androidx.lifecycle.Lifecycle$State)
androidx.lifecycle.Lifecycle$Event:
    public static final androidx.lifecycle.Lifecycle$Event downFrom(androidx.lifecycle.Lifecycle$State)
    public static final androidx.lifecycle.Lifecycle$Event downTo(androidx.lifecycle.Lifecycle$State)
    public static final androidx.lifecycle.Lifecycle$Event upFrom(androidx.lifecycle.Lifecycle$State)
    public static final androidx.lifecycle.Lifecycle$Event upTo(androidx.lifecycle.Lifecycle$State)
androidx.lifecycle.Lifecycle:
    private static final void _get_currentStateFlow_$lambda$0(kotlinx.coroutines.flow.MutableStateFlow,androidx.lifecycle.LifecycleOwner,androidx.lifecycle.Lifecycle$Event)
    public kotlinx.coroutines.flow.StateFlow getCurrentStateFlow()
    public final void setInternalScopeRef(java.util.concurrent.atomic.AtomicReference)
androidx.lifecycle.LifecycleController
androidx.lifecycle.LifecycleCoroutineScope$launchWhenCreated$1
androidx.lifecycle.LifecycleCoroutineScope$launchWhenResumed$1
androidx.lifecycle.LifecycleCoroutineScope$launchWhenStarted$1
androidx.lifecycle.LifecycleCoroutineScope:
    public abstract androidx.lifecycle.Lifecycle getLifecycle$lifecycle_common()
    public final kotlinx.coroutines.Job launchWhenCreated(kotlin.jvm.functions.Function2)
    public final kotlinx.coroutines.Job launchWhenResumed(kotlin.jvm.functions.Function2)
    public final kotlinx.coroutines.Job launchWhenStarted(kotlin.jvm.functions.Function2)